This is pdfTeX, Version 3.14159265-2.6-1.40.21 (TeX Live 2020/W32TeX) (preloaded format=pdflatex 2020.8.20)  23 OCT 2020 20:57
entering extended mode
 restricted \write18 enabled.
 file:line:error style messages enabled.
 %&-line parsing enabled.
**c:/Users/50683/Desktop/AttCRISPR/Paper/main.tex
(c:/Users/50683/Desktop/AttCRISPR/Paper/main.tex
LaTeX2e <2020-02-02> patch level 5
L3 programming layer <2020-03-06> (c:/Users/50683/Desktop/AttCRISPR/Paper/bioinfo.cls
Document Class: bioinfo 2003/02/08 0.1
(c:/texlive/2020/texmf-dist/tex/latex/base/inputenc.sty
Package: inputenc 2018/08/11 v1.3c Input encoding file
\inpenc@prehook=\toks15
\inpenc@posthook=\toks16
) (c:/Users/50683/Desktop/AttCRISPR/Paper/crop.sty
Package: crop 2001/11/16 v1.6 cropmarks (mf)
\CROP@width=\dimen134
\CROP@height=\dimen135
\CROP@index=\count167
 (c:/texlive/2020/texmf-dist/tex/latex/graphics/graphics.sty
Package: graphics 2019/11/30 v1.4a Standard LaTeX Graphics (DPC,SPQR)
 (c:/texlive/2020/texmf-dist/tex/latex/graphics/trig.sty
Package: trig 2016/01/03 v1.10 sin cos tan (DPC)
) (c:/texlive/2020/texmf-dist/tex/latex/graphics-cfg/graphics.cfg
File: graphics.cfg 2016/06/04 v1.11 sample graphics configuration
)
Package graphics Info: Driver file: pdftex.def on input line 105.
 (c:/texlive/2020/texmf-dist/tex/latex/graphics-def/pdftex.def
File: pdftex.def 2018/01/08 v1.0l Graphics/color driver for pdftex
))
\CROP@offset=\count168
Package crop Info: Local config file crop.cfg used on input line 344.
 (c:/Users/50683/Desktop/AttCRISPR/Paper/crop.cfg))
Package crop Info: using pdf(la)tex graphics driver on input line 31.
 (c:/Users/50683/Desktop/AttCRISPR/Paper/graphicx.sty
Package: graphicx 1999/02/16 v1.0f Enhanced LaTeX Graphics (DPC,SPQR)
 (c:/texlive/2020/texmf-dist/tex/latex/graphics/keyval.sty
Package: keyval 2014/10/28 v1.15 key=value parser (DPC)
\KV@toks@=\toks17
)
\Gin@req@height=\dimen136
\Gin@req@width=\dimen137
) (c:/texlive/2020/texmf-dist/tex/latex/amsmath/amsmath.sty
Package: amsmath 2020/01/20 v2.17e AMS math features
\@mathmargin=\skip47

For additional information on amsmath, use the `?' option.
(c:/texlive/2020/texmf-dist/tex/latex/amsmath/amstext.sty
Package: amstext 2000/06/29 v2.01 AMS text
 (c:/texlive/2020/texmf-dist/tex/latex/amsmath/amsgen.sty
File: amsgen.sty 1999/11/30 v2.0 generic functions
\@emptytoks=\toks18
\ex@=\dimen138
)) (c:/texlive/2020/texmf-dist/tex/latex/amsmath/amsbsy.sty
Package: amsbsy 1999/11/29 v1.2d Bold Symbols
\pmbraise@=\dimen139
) (c:/texlive/2020/texmf-dist/tex/latex/amsmath/amsopn.sty
Package: amsopn 2016/03/08 v2.02 operator names
)
\inf@bad=\count169
LaTeX Info: Redefining \frac on input line 227.
\uproot@=\count170
\leftroot@=\count171
LaTeX Info: Redefining \overline on input line 389.
\classnum@=\count172
\DOTSCASE@=\count173
LaTeX Info: Redefining \ldots on input line 486.
LaTeX Info: Redefining \dots on input line 489.
LaTeX Info: Redefining \cdots on input line 610.
\Mathstrutbox@=\box45
\strutbox@=\box46
\big@size=\dimen140
LaTeX Font Info:    Redeclaring font encoding OML on input line 733.
LaTeX Font Info:    Redeclaring font encoding OMS on input line 734.
\macc@depth=\count174
\c@MaxMatrixCols=\count175
\dotsspace@=\muskip16
\c@parentequation=\count176
\dspbrk@lvl=\count177
\tag@help=\toks19
\row@=\count178
\column@=\count179
\maxfields@=\count180
\andhelp@=\toks20
\eqnshift@=\dimen141
\alignsep@=\dimen142
\tagshift@=\dimen143
\tagwidth@=\dimen144
\totwidth@=\dimen145
\lineht@=\dimen146
\@envbody=\toks21
\multlinegap=\skip48
\multlinetaggap=\skip49
\mathdisplay@stack=\toks22
LaTeX Info: Redefining \[ on input line 2859.
LaTeX Info: Redefining \] on input line 2860.
) (c:/Users/50683/Desktop/AttCRISPR/Paper/array.sty
Package: array 1998/05/13 v2.3m Tabular extension package (FMi)
\col@sep=\dimen147
\extrarowheight=\dimen148
\NC@list=\toks23
\extratabsurround=\skip50
\backup@length=\skip51
) (c:/Users/50683/Desktop/AttCRISPR/Paper/color.sty
Package: color 1999/02/16 v1.0i Standard LaTeX Color (DPC)
 (c:/texlive/2020/texmf-dist/tex/latex/graphics-cfg/color.cfg
File: color.cfg 2016/01/02 v1.6 sample color configuration
)
Package color Info: Driver file: pdftex.def on input line 125.
) (c:/texlive/2020/texmf-dist/tex/latex/amsfonts/amssymb.sty
Package: amssymb 2013/01/14 v3.01 AMS font symbols
 (c:/texlive/2020/texmf-dist/tex/latex/amsfonts/amsfonts.sty
Package: amsfonts 2013/01/14 v3.01 Basic AMSFonts support
\symAMSa=\mathgroup4
\symAMSb=\mathgroup5
LaTeX Font Info:    Redeclaring math symbol \hbar on input line 98.
LaTeX Font Info:    Overwriting math alphabet `\mathfrak' in version `bold'
(Font)                  U/euf/m/n --> U/euf/b/n on input line 106.
)) (c:/Users/50683/Desktop/AttCRISPR/Paper/flushend.sty
Package: flushend 1997/10/01
\@aaa=\box47
\@ccc=\box48
\@viper=\box49
\hold@viper=\box50
\atColsBreak=\toks24
\@extra@skip=\dimen149
\@nd@page@rule=\dimen150
) (c:/Users/50683/Desktop/AttCRISPR/Paper/stfloats.sty
Package: stfloats 1999/10/22
\@dblbotnum=\count181
\c@dblbotnumber=\count182
) (c:/texlive/2020/texmf-dist/tex/latex/amscls/amsthm.sty
Package: amsthm 2017/10/31 v2.20.4
\thm@style=\toks25
\thm@bodyfont=\toks26
\thm@headfont=\toks27
\thm@notefont=\toks28
\thm@headpunct=\toks29
\thm@preskip=\skip52
\thm@postskip=\skip53
\thm@headsep=\skip54
\dth@everypar=\toks30
) (c:/Users/50683/Desktop/AttCRISPR/Paper/chngpage.sty
Package: chngpage 2001/01/31 v1.1b change page layout
\c@cp@cnt=\count183
\c@cp@tempcnt=\count184
) (c:/texlive/2020/texmf-dist/tex/latex/psnfss/times.sty
Package: times 2005/04/12 PSNFSS-v9.2a (SPQR) 
) (c:/texlive/2020/texmf-dist/tex/latex/base/fontenc.sty
Package: fontenc 2020/02/11 v2.0o Standard LaTeX package
 (c:/texlive/2020/texmf-dist/tex/latex/ly1/ly1enc.def
File: ly1enc.def 2009/07/22 v0.7 TeX 'n ANSI encoding (DPC/KB)
Now handling font encoding LY1 ...
... processing UTF-8 mapping file for font encoding LY1
 (c:/texlive/2020/texmf-dist/tex/latex/base/ly1enc.dfu
File: ly1enc.dfu 2019/11/14 v1.2k UTF-8 support for inputenc
   defining Unicode char U+00A0 (decimal 160)
   defining Unicode char U+00A1 (decimal 161)
   defining Unicode char U+00A2 (decimal 162)
   defining Unicode char U+00A3 (decimal 163)
   defining Unicode char U+00A4 (decimal 164)
   defining Unicode char U+00A5 (decimal 165)
   defining Unicode char U+00A6 (decimal 166)
   defining Unicode char U+00A7 (decimal 167)
   defining Unicode char U+00AA (decimal 170)
   defining Unicode char U+00AB (decimal 171)
   defining Unicode char U+00AD (decimal 173)
   defining Unicode char U+00AE (decimal 174)
   defining Unicode char U+00B0 (decimal 176)
   defining Unicode char U+00B5 (decimal 181)
   defining Unicode char U+00B6 (decimal 182)
   defining Unicode char U+00B7 (decimal 183)
   defining Unicode char U+00BA (decimal 186)
   defining Unicode char U+00BB (decimal 187)
   defining Unicode char U+00BC (decimal 188)
   defining Unicode char U+00BD (decimal 189)
   defining Unicode char U+00BE (decimal 190)
   defining Unicode char U+00BF (decimal 191)
   defining Unicode char U+00C0 (decimal 192)
   defining Unicode char U+00C1 (decimal 193)
   defining Unicode char U+00C2 (decimal 194)
   defining Unicode char U+00C3 (decimal 195)
   defining Unicode char U+00C4 (decimal 196)
   defining Unicode char U+00C5 (decimal 197)
   defining Unicode char U+00C6 (decimal 198)
   defining Unicode char U+00C7 (decimal 199)
   defining Unicode char U+00C8 (decimal 200)
   defining Unicode char U+00C9 (decimal 201)
   defining Unicode char U+00CA (decimal 202)
   defining Unicode char U+00CB (decimal 203)
   defining Unicode char U+00CC (decimal 204)
   defining Unicode char U+00CD (decimal 205)
   defining Unicode char U+00CE (decimal 206)
   defining Unicode char U+00CF (decimal 207)
   defining Unicode char U+00D0 (decimal 208)
   defining Unicode char U+00D1 (decimal 209)
   defining Unicode char U+00D2 (decimal 210)
   defining Unicode char U+00D3 (decimal 211)
   defining Unicode char U+00D4 (decimal 212)
   defining Unicode char U+00D5 (decimal 213)
   defining Unicode char U+00D6 (decimal 214)
   defining Unicode char U+00D8 (decimal 216)
   defining Unicode char U+00D9 (decimal 217)
   defining Unicode char U+00DA (decimal 218)
   defining Unicode char U+00DB (decimal 219)
   defining Unicode char U+00DC (decimal 220)
   defining Unicode char U+00DD (decimal 221)
   defining Unicode char U+00DE (decimal 222)
   defining Unicode char U+00DF (decimal 223)
   defining Unicode char U+00E0 (decimal 224)
   defining Unicode char U+00E1 (decimal 225)
   defining Unicode char U+00E2 (decimal 226)
   defining Unicode char U+00E3 (decimal 227)
   defining Unicode char U+00E4 (decimal 228)
   defining Unicode char U+00E5 (decimal 229)
   defining Unicode char U+00E6 (decimal 230)
   defining Unicode char U+00E7 (decimal 231)
   defining Unicode char U+00E8 (decimal 232)
   defining Unicode char U+00E9 (decimal 233)
   defining Unicode char U+00EA (decimal 234)
   defining Unicode char U+00EB (decimal 235)
   defining Unicode char U+00EC (decimal 236)
   defining Unicode char U+00ED (decimal 237)
   defining Unicode char U+00EE (decimal 238)
   defining Unicode char U+00EF (decimal 239)
   defining Unicode char U+00F0 (decimal 240)
   defining Unicode char U+00F1 (decimal 241)
   defining Unicode char U+00F2 (decimal 242)
   defining Unicode char U+00F3 (decimal 243)
   defining Unicode char U+00F4 (decimal 244)
   defining Unicode char U+00F5 (decimal 245)
   defining Unicode char U+00F6 (decimal 246)
   defining Unicode char U+00F8 (decimal 248)
   defining Unicode char U+00F9 (decimal 249)
   defining Unicode char U+00FA (decimal 250)
   defining Unicode char U+00FB (decimal 251)
   defining Unicode char U+00FC (decimal 252)
   defining Unicode char U+00FD (decimal 253)
   defining Unicode char U+00FE (decimal 254)
   defining Unicode char U+00FF (decimal 255)
   defining Unicode char U+0131 (decimal 305)
   defining Unicode char U+0141 (decimal 321)
   defining Unicode char U+0142 (decimal 322)
   defining Unicode char U+0152 (decimal 338)
   defining Unicode char U+0153 (decimal 339)
   defining Unicode char U+0160 (decimal 352)
   defining Unicode char U+0161 (decimal 353)
   defining Unicode char U+0174 (decimal 372)
   defining Unicode char U+0175 (decimal 373)
   defining Unicode char U+0176 (decimal 374)
   defining Unicode char U+0177 (decimal 375)
   defining Unicode char U+0178 (decimal 376)
   defining Unicode char U+017D (decimal 381)
   defining Unicode char U+017E (decimal 382)
   defining Unicode char U+0192 (decimal 402)
   defining Unicode char U+0218 (decimal 536)
   defining Unicode char U+0219 (decimal 537)
   defining Unicode char U+021A (decimal 538)
   defining Unicode char U+021B (decimal 539)
   defining Unicode char U+0237 (decimal 567)
   defining Unicode char U+02C6 (decimal 710)
   defining Unicode char U+02DC (decimal 732)
   defining Unicode char U+2013 (decimal 8211)
   defining Unicode char U+2014 (decimal 8212)
   defining Unicode char U+201C (decimal 8220)
   defining Unicode char U+201D (decimal 8221)
   defining Unicode char U+2020 (decimal 8224)
   defining Unicode char U+2021 (decimal 8225)
   defining Unicode char U+2022 (decimal 8226)
   defining Unicode char U+2026 (decimal 8230)
   defining Unicode char U+2030 (decimal 8240)
   defining Unicode char U+2039 (decimal 8249)
   defining Unicode char U+203A (decimal 8250)
   defining Unicode char U+2122 (decimal 8482)
   defining Unicode char U+FB00 (decimal 64256)
   defining Unicode char U+FB01 (decimal 64257)
   defining Unicode char U+FB02 (decimal 64258)
   defining Unicode char U+FB03 (decimal 64259)
   defining Unicode char U+FB04 (decimal 64260)
   defining Unicode char U+FB05 (decimal 64261)
   defining Unicode char U+FB06 (decimal 64262)
))
LaTeX Font Info:    Trying to load font information for LY1+ptm on input line 112.
 (c:/texlive/2020/texmf-dist/tex/latex/ly1/ly1ptm.fd
File: ly1ptm.fd 2001/02/01 font definitions for LY1/ptm using Berry names.
))
\c@section=\count185
\c@subsection=\count186
\c@subsubsection=\count187
\c@paragraph=\count188
\c@subparagraph=\count189
\c@figure=\count190
\c@table=\count191
\dropfromtop=\skip55
\extraspace=\skip56
\aboveskipchk=\skip57
\abovecaptionskip=\skip58
\belowcaptionskip=\skip59
\rotdimen=\dimen151
\tempdime=\dimen152
\temptbox=\box51
 (c:/Users/50683/Desktop/AttCRISPR/Paper/natbib.sty
Package: natbib 2000/07/24 7.0a (PWD)
\bibhang=\skip60
\bibsep=\skip61
LaTeX Info: Redefining \cite on input line 508.
\c@NAT@ctr=\count192
)) (c:/texlive/2020/texmf-dist/tex/latex/booktabs/booktabs.sty
Package: booktabs 2020/01/12 v1.61803398 Publication quality tables
\heavyrulewidth=\dimen153
\lightrulewidth=\dimen154
\cmidrulewidth=\dimen155
\belowrulesep=\dimen156
\belowbottomsep=\dimen157
\aboverulesep=\dimen158
\abovetopsep=\dimen159
\cmidrulesep=\dimen160
\cmidrulekern=\dimen161
\defaultaddspace=\dimen162
\@cmidla=\count193
\@cmidlb=\count194
\@aboverulesep=\dimen163
\@belowrulesep=\dimen164
\@thisruleclass=\count195
\@lastruleclass=\count196
\@thisrulewidth=\dimen165
) (c:/texlive/2020/texmf-dist/tex/latex/l3backend/l3backend-pdfmode.def
File: l3backend-pdfmode.def 2020-03-12 L3 backend support: PDF mode
\l__kernel_color_stack_int=\count197
\l__pdf_internal_box=\box52
) (c:/Users/50683/Desktop/AttCRISPR/Paper/main.aux

LaTeX Warning: Label `fig:06' multiply defined.

)
\openout1 = `main.aux'.

LaTeX Font Info:    Checking defaults for OML/cmm/m/it on input line 8.
LaTeX Font Info:    ... okay on input line 8.
LaTeX Font Info:    Checking defaults for OMS/cmsy/m/n on input line 8.
LaTeX Font Info:    ... okay on input line 8.
LaTeX Font Info:    Checking defaults for OT1/cmr/m/n on input line 8.
LaTeX Font Info:    ... okay on input line 8.
LaTeX Font Info:    Checking defaults for T1/cmr/m/n on input line 8.
LaTeX Font Info:    ... okay on input line 8.
LaTeX Font Info:    Checking defaults for TS1/cmr/m/n on input line 8.
LaTeX Font Info:    ... okay on input line 8.
LaTeX Font Info:    Checking defaults for OMX/cmex/m/n on input line 8.
LaTeX Font Info:    ... okay on input line 8.
LaTeX Font Info:    Checking defaults for U/cmr/m/n on input line 8.
LaTeX Font Info:    ... okay on input line 8.
LaTeX Font Info:    Checking defaults for LY1/ptm/m/n on input line 8.
LaTeX Font Info:    ... okay on input line 8.
 (c:/texlive/2020/texmf-dist/tex/context/base/mkii/supp-pdf.mkii
[Loading MPS to PDF converter (version 2006.09.02).]
\scratchcounter=\count198
\scratchdimen=\dimen166
\scratchbox=\box53
\nofMPsegments=\count199
\nofMParguments=\count266
\everyMPshowfont=\toks31
\MPscratchCnt=\count267
\MPscratchDim=\dimen167
\MPnumerator=\count268
\makeMPintoPDFobject=\count269
\everyMPtoPDFconversion=\toks32
) (c:/texlive/2020/texmf-dist/tex/latex/epstopdf-pkg/epstopdf-base.sty
Package: epstopdf-base 2020-01-24 v2.11 Base part for package epstopdf
Package epstopdf-base Info: Redefining graphics rule for `.eps' on input line 485.
 (c:/texlive/2020/texmf-dist/tex/latex/latexconfig/epstopdf-sys.cfg
File: epstopdf-sys.cfg 2010/07/13 v1.3 Configuration of (r)epstopdf for TeX Live
))
LaTeX Font Info:    Trying to load font information for LY1+phv on input line 39.
 (c:/texlive/2020/texmf-dist/tex/latex/ly1/ly1phv.fd
File: ly1phv.fd 2001/02/01 scalable font definitions for LY1/phv using Berry names.


LaTeX Warning: Font shape declaration has incorrect series value `mc'.
               It should not contain an `m'! Please correct it.
               Found on input line 36.


LaTeX Warning: Font shape declaration has incorrect series value `mc'.
               It should not contain an `m'! Please correct it.
               Found on input line 40.


LaTeX Warning: Font shape declaration has incorrect series value `mc'.
               It should not contain an `m'! Please correct it.
               Found on input line 66.


LaTeX Warning: Font shape declaration has incorrect series value `mc'.
               It should not contain an `m'! Please correct it.
               Found on input line 73.

)
Package epstopdf Info: Source file: <OUP_First_SBk_Bot_8401.eps>
(epstopdf)                    date: 2015-11-25 11:49:46
(epstopdf)                    size: 407286 bytes
(epstopdf)             Output file: <OUP_First_SBk_Bot_8401-eps-converted-to.pdf>
(epstopdf)                    date: 2015-11-25 11:49:46
(epstopdf)                    size: 9259 bytes
(epstopdf)             Command: <repstopdf --outfile=OUP_First_SBk_Bot_8401-eps-converted-to.pdf OUP_First_SBk_Bot_8401.eps>
(epstopdf)             \includegraphics on input line 39.
Package epstopdf Info: Output file is already uptodate.
<OUP_First_SBk_Bot_8401-eps-converted-to.pdf, id=1, 54.2025pt x 54.2025pt>
File: OUP_First_SBk_Bot_8401-eps-converted-to.pdf Graphic file (type pdf)
<use OUP_First_SBk_Bot_8401-eps-converted-to.pdf>
Package pdftex.def Info: OUP_First_SBk_Bot_8401-eps-converted-to.pdf  used on input line 39.
(pdftex.def)             Requested size: 54.20236pt x 54.20236pt.
LaTeX Font Info:    Trying to load font information for U+msa on input line 39.
 (c:/texlive/2020/texmf-dist/tex/latex/amsfonts/umsa.fd
File: umsa.fd 2013/01/14 v3.01 AMS symbols A
)
LaTeX Font Info:    Trying to load font information for U+msb on input line 39.
 (c:/texlive/2020/texmf-dist/tex/latex/amsfonts/umsb.fd
File: umsb.fd 2013/01/14 v3.01 AMS symbols B
)

LaTeX Font Warning: Font shape `OT1/cmr/m/n' in size <6.5> not available
(Font)              size <6> substituted on input line 39.


LaTeX Font Warning: Font shape `OML/cmm/m/it' in size <6.5> not available
(Font)              size <6> substituted on input line 39.


LaTeX Font Warning: Font shape `OMS/cmsy/m/n' in size <6.5> not available
(Font)              size <6> substituted on input line 39.

LaTeX Font Info:    Calculating math sizes for size <8.5> on input line 39.

LaTeX Font Warning: Font shape `OT1/cmr/m/n' in size <8.5> not available
(Font)              size <8> substituted on input line 39.


LaTeX Font Warning: Font shape `OT1/cmr/m/n' in size <4.25> not available
(Font)              size <5> substituted on input line 39.


LaTeX Font Warning: Font shape `OML/cmm/m/it' in size <8.5> not available
(Font)              size <8> substituted on input line 39.


LaTeX Font Warning: Font shape `OML/cmm/m/it' in size <4.25> not available
(Font)              size <5> substituted on input line 39.


LaTeX Font Warning: Font shape `OMS/cmsy/m/n' in size <8.5> not available
(Font)              size <8> substituted on input line 39.


LaTeX Font Warning: Font shape `OMS/cmsy/m/n' in size <4.25> not available
(Font)              size <5> substituted on input line 39.

LaTeX Font Info:    Font shape `LY1/phv/m/it' in size <9> not available
(Font)              Font shape `LY1/phv/m/sl' tried instead on input line 39.

Underfull \hbox (badness 10000) detected at line 39
[]
 []


Underfull \vbox (badness 10000) has occurred while \output is active []


Underfull \vbox (badness 10000) has occurred while \output is active []


Overfull \hbox (1.12001pt too wide) has occurred while \output is active
 []
 []

[1{c:/texlive/2020/texmf-var/fonts/map/pdftex/updmap/pdftex.map}



 <c:/Users/50683/Desktop/AttCRISPR/Paper/OUP_First_SBk_Bot_8401-eps-converted-to.pdf>]
Underfull \hbox (badness 4621) in paragraph at lines 62--66
\LY1/ptm/m/n/8 activity (or off-target probability) of sgRNAs, is essentially a
 []

<category.png, id=20, 484.05844pt x 339.51843pt>
File: category.png Graphic file (type png)
<use category.png>
Package pdftex.def Info: category.png  used on input line 120.
(pdftex.def)             Requested size: 244.6937pt x 171.629pt.
LaTeX Font Info:    Trying to load font information for LY1+phb on input line 130.
LaTeX Font Info:    No file LY1phb.fd. on input line 130.

LaTeX Font Warning: Font shape `LY1/phb/m/n' undefined
(Font)              using `LY1/ptm/m/n' instead on input line 130.

LaTeX Font Info:    Font shape `LY1/phv/m/it' in size <8> not available
(Font)              Font shape `LY1/phv/m/sl' tried instead on input line 138.

Overfull \hbox (252.0pt too wide) has occurred while \output is active
[][] 
 []

[2 <c:/Users/50683/Desktop/AttCRISPR/Paper/category.png>]
Underfull \vbox (badness 10000) has occurred while \output is active []


Overfull \hbox (252.0pt too wide) has occurred while \output is active
[][] 
 []

[3]
<CNNv2.png, id=38, 1768.6075pt x 841.1425pt>
File: CNNv2.png Graphic file (type png)
<use CNNv2.png>
Package pdftex.def Info: CNNv2.png  used on input line 229.
(pdftex.def)             Requested size: 244.6937pt x 116.37299pt.
LaTeX Font Info:    Calculating math sizes for size <6.5> on input line 235.


LaTeX Font Warning: Font shape `OT1/cmr/m/n' in size <4.54997> not available
(Font)              size <5> substituted on input line 235.


LaTeX Font Warning: Font shape `OT1/cmr/m/n' in size <3.25> not available
(Font)              size <5> substituted on input line 235.


LaTeX Font Warning: Font shape `OML/cmm/m/it' in size <4.54997> not available
(Font)              size <5> substituted on input line 235.


LaTeX Font Warning: Font shape `OML/cmm/m/it' in size <3.25> not available
(Font)              size <5> substituted on input line 235.


LaTeX Font Warning: Font shape `OMS/cmsy/m/n' in size <4.54997> not available
(Font)              size <5> substituted on input line 235.


LaTeX Font Warning: Font shape `OMS/cmsy/m/n' in size <3.25> not available
(Font)              size <5> substituted on input line 235.


LaTeX Font Warning: Font shape `OT1/cmr/m/it' in size <6.5> not available
(Font)              size <6> substituted on input line 235.


LaTeX Font Warning: Font shape `OT1/cmr/m/it' in size <4.54997> not available
(Font)              size <5> substituted on input line 235.


LaTeX Font Warning: Font shape `OT1/cmr/m/it' in size <3.25> not available
(Font)              size <5> substituted on input line 235.

<spatialmodule.png, id=39, 639.38875pt x 249.93375pt>
File: spatialmodule.png Graphic file (type png)
<use spatialmodule.png>
Package pdftex.def Info: spatialmodule.png  used on input line 244.
(pdftex.def)             Requested size: 244.6937pt x 95.65082pt.

Underfull \vbox (badness 10000) has occurred while \output is active []


Overfull \hbox (252.0pt too wide) has occurred while \output is active
[][] 
 []

[4 <c:/Users/50683/Desktop/AttCRISPR/Paper/CNNv2.png> <c:/Users/50683/Desktop/AttCRISPR/Paper/spatialmodule.png>]
<temporalmodule.png, id=47, 363.60844pt x 458.46281pt>
File: temporalmodule.png Graphic file (type png)
<use temporalmodule.png>
Package pdftex.def Info: temporalmodule.png  used on input line 327.
(pdftex.def)             Requested size: 244.6937pt x 308.53262pt.
<temporalattentionmodule.png, id=48, 479.54156pt x 187.45032pt>
File: temporalattentionmodule.png Graphic file (type png)
<use temporalattentionmodule.png>
Package pdftex.def Info: temporalattentionmodule.png  used on input line 335.
(pdftex.def)             Requested size: 244.6937pt x 95.64987pt.

Overfull \hbox (252.0pt too wide) has occurred while \output is active
[][] 
 []

[5 <c:/Users/50683/Desktop/AttCRISPR/Paper/temporalmodule.png> <c:/Users/50683/Desktop/AttCRISPR/Paper/temporalattentionmodule.png>]
LaTeX Font Info:    Calculating math sizes for size <7.5> on input line 408.


LaTeX Font Warning: Font shape `OT1/cmr/m/n' in size <7.5> not available
(Font)              size <7> substituted on input line 408.


LaTeX Font Warning: Font shape `OT1/cmr/m/n' in size <3.75> not available
(Font)              size <5> substituted on input line 408.


LaTeX Font Warning: Font shape `OML/cmm/m/it' in size <7.5> not available
(Font)              size <7> substituted on input line 408.


LaTeX Font Warning: Font shape `OML/cmm/m/it' in size <3.75> not available
(Font)              size <5> substituted on input line 408.


LaTeX Font Warning: Font shape `OMS/cmsy/m/n' in size <7.5> not available
(Font)              size <7> substituted on input line 408.


LaTeX Font Warning: Font shape `OMS/cmsy/m/n' in size <3.75> not available
(Font)              size <5> substituted on input line 408.


LaTeX Font Warning: Font shape `OT1/cmr/m/it' in size <7.5> not available
(Font)              size <7> substituted on input line 408.


LaTeX Font Warning: Font shape `OT1/cmr/m/it' in size <3.75> not available
(Font)              size <5> substituted on input line 408.


Underfull \hbox (badness 10000) in paragraph at lines 408--408
[]|\LY1/ptm/m/n/7.5 Naive convolutional neural
 []


Underfull \hbox (badness 10000) in paragraph at lines 408--408
[]|\LY1/ptm/m/n/7.5 Bidirectional long short-term
 []


Underfull \hbox (badness 10000) in paragraph at lines 408--408
[]|\LY1/ptm/m/n/7.5 Extreme Gradient Boosting
 []


Underfull \hbox (badness 10000) in paragraph at lines 408--408
[]|\LY1/ptm/m/n/7.5 Bidirectional long short-term
 []


Underfull \hbox (badness 2065) in paragraph at lines 408--408
\LY1/ptm/m/n/7.5 memory neural network (with
 []


Underfull \hbox (badness 1142) in paragraph at lines 408--408
[]|\LY1/ptm/m/n/7.5 Ensemble AttCRISPR (without
 []


LaTeX Font Warning: Font shape `LY1/phb/b/n' undefined
(Font)              using `LY1/phb/m/n' instead on input line 408.


Underfull \hbox (badness 10000) in paragraph at lines 408--408
[]|\LY1/phb/m/n/7.5 Naive convolutional neural
 []


Underfull \hbox (badness 10000) in paragraph at lines 408--408
[]|\LY1/phb/m/n/7.5 Bidirectional long short-term
 []


Underfull \hbox (badness 10000) in paragraph at lines 408--408
[]|\LY1/phb/m/n/7.5 Extreme Gradient Boosting
 []


Underfull \hbox (badness 10000) in paragraph at lines 408--408
[]|\LY1/phb/m/n/7.5 Bidirectional long short-term
 []


Underfull \hbox (badness 2065) in paragraph at lines 408--408
\LY1/phb/m/n/7.5 memory neural network (with
 []


Underfull \hbox (badness 1142) in paragraph at lines 408--408
[]|\LY1/phb/m/n/7.5 Ensemble AttCRISPR (without
 []

Package epstopdf Info: Source file: <baselinewithoutbiofeat.eps>
(epstopdf)                    date: 2020-10-18 16:36:17
(epstopdf)                    size: 441558 bytes
(epstopdf)             Output file: <baselinewithoutbiofeat-eps-converted-to.pdf>
(epstopdf)                    date: 2020-10-19 09:31:12
(epstopdf)                    size: 129591 bytes
(epstopdf)             Command: <repstopdf --outfile=baselinewithoutbiofeat-eps-converted-to.pdf baselinewithoutbiofeat.eps>
(epstopdf)             \includegraphics on input line 418.
Package epstopdf Info: Output file is already uptodate.
<baselinewithoutbiofeat-eps-converted-to.pdf, id=55, 506.89375pt x 519.9425pt>
File: baselinewithoutbiofeat-eps-converted-to.pdf Graphic file (type pdf)
<use baselinewithoutbiofeat-eps-converted-to.pdf>
Package pdftex.def Info: baselinewithoutbiofeat-eps-converted-to.pdf  used on input line 418.
(pdftex.def)             Requested size: 244.6937pt x 250.9897pt.

Overfull \hbox (252.0pt too wide) has occurred while \output is active
[][] 
 []

[6 <c:/Users/50683/Desktop/AttCRISPR/Paper/baselinewithoutbiofeat-eps-converted-to.pdf>]
Underfull \hbox (badness 1394) in paragraph at lines 469--469
[]\LY1/phb/b/n/7.5 Table 2. Performance comparisons for different methods in
 []


Underfull \hbox (badness 1205) in paragraph at lines 482--482
\LY1/phb/b/n/7.5 integrating with hand-crafted biological features (take Spearman
 []


Underfull \hbox (badness 2310) in paragraph at lines 493--497
\LY1/ptm/m/n/8 Further, integration with the hand-crafted biological features can
 []

Package epstopdf Info: Source file: <baselinewithbiofeat.eps>
(epstopdf)                    date: 2020-10-20 20:48:03
(epstopdf)                    size: 79114 bytes
(epstopdf)             Output file: <baselinewithbiofeat-eps-converted-to.pdf>
(epstopdf)                    date: 2020-10-20 22:07:39
(epstopdf)                    size: 33904 bytes
(epstopdf)             Command: <repstopdf --outfile=baselinewithbiofeat-eps-converted-to.pdf baselinewithbiofeat.eps>
(epstopdf)             \includegraphics on input line 499.
Package epstopdf Info: Output file is already uptodate.
<baselinewithbiofeat-eps-converted-to.pdf, id=123, 506.89375pt x 241.90375pt>
File: baselinewithbiofeat-eps-converted-to.pdf Graphic file (type pdf)
<use baselinewithbiofeat-eps-converted-to.pdf>
Package pdftex.def Info: baselinewithbiofeat-eps-converted-to.pdf  used on input line 499.
(pdftex.def)             Requested size: 244.6937pt x 116.7732pt.

Underfull \vbox (badness 10000) has occurred while \output is active []

Package epstopdf Info: Source file: <spatialattention.eps>
(epstopdf)                    date: 2020-10-23 15:34:23
(epstopdf)                    size: 432333 bytes
(epstopdf)             Output file: <spatialattention-eps-converted-to.pdf>
(epstopdf)                    date: 2020-10-23 15:38:29
(epstopdf)                    size: 164664 bytes
(epstopdf)             Command: <repstopdf --outfile=spatialattention-eps-converted-to.pdf spatialattention.eps>
(epstopdf)             \includegraphics on input line 518.
Package epstopdf Info: Output file is already uptodate.
<spatialattention-eps-converted-to.pdf, id=124, 506.89375pt x 483.8075pt>
File: spatialattention-eps-converted-to.pdf Graphic file (type pdf)
<use spatialattention-eps-converted-to.pdf>
Package pdftex.def Info: spatialattention-eps-converted-to.pdf  used on input line 518.
(pdftex.def)             Requested size: 506.45905pt x 483.40767pt.
 (c:/Users/50683/Desktop/AttCRISPR/Paper/main.bbl
Overfull \hbox (252.0pt too wide) has occurred while \output is active
[][] 
 []

[7 <c:/Users/50683/Desktop/AttCRISPR/Paper/baselinewithbiofeat-eps-converted-to.pdf>]
Underfull \vbox (badness 10000) has occurred while \output is active []


Underfull \vbox (badness 10000) has occurred while \output is active []


Overfull \hbox (252.0pt too wide) has occurred while \output is active
[][] 
 []

[8 <c:/Users/50683/Desktop/AttCRISPR/Paper/spatialattention-eps-converted-to.pdf>])
Underfull \vbox (badness 10000) has occurred while \output is active []

Extra height:10.0pt when 266.5pt

Underfull \vbox (badness 10000) has occurred while \output is active []

Extra height:10.0pt when 267.5pt

Underfull \vbox (badness 10000) has occurred while \output is active []

Extra height:10.0pt when 268.5pt

Underfull \vbox (badness 10000) has occurred while \output is active []

Extra height:10.0pt when 269.5pt

Underfull \vbox (badness 10000) has occurred while \output is active []

Extra height:10.0pt when 270.5pt

Underfull \vbox (badness 10000) has occurred while \output is active []

Extra height:10.0pt when 271.5pt

Underfull \vbox (badness 10000) has occurred while \output is active []

Extra height:0.0pt when 272.5pt

Underfull \vbox (badness 10000) has occurred while \output is active []

(2)Left:272.5pt Right:272.0pt Output:272.5pt
- LAST -
Extra skip:0.0pt
Left:272.5pt
Right:272.0pt
Output:272.5pt

Underfull \vbox (badness 10000) has occurred while \output is active []


Overfull \hbox (252.0pt too wide) has occurred while \output is active
[][] 
 []

[9

] (c:/Users/50683/Desktop/AttCRISPR/Paper/main.aux)

LaTeX Font Warning: Size substitutions with differences
(Font)              up to 1.75pt have occurred.


LaTeX Font Warning: Some font shapes were not available, defaults substituted.


LaTeX Warning: There were multiply-defined labels.

 ) 
Here is how much of TeX's memory you used:
 3745 strings out of 480608
 47609 string characters out of 5907536
 301141 words of memory out of 5000000
 19551 multiletter control sequences out of 15000+600000
 593427 words of font info for 129 fonts, out of 8000000 for 9000
 1145 hyphenation exceptions out of 8191
 39i,19n,35p,1476b,322s stack positions out of 5000i,500n,10000p,200000b,80000s
{c:/texlive/2020/texmf-dist/fonts/enc/dvips/ly1/texnansi.enc}<c:/texlive/2020/texmf-dist/fonts/type1/public/amsfonts/cmextra/cmbsy9.pfb><c:/texlive/2020/texmf-dist/fonts/type1/public/amsfonts/cmextra/cmex8.pfb><c:/texlive/2020/texmf-dist/fonts/type1/public/amsfonts/cm/cmmi5.pfb><c:/texlive/2020/texmf-dist/fonts/type1/public/amsfonts/cm/cmmi6.pfb><c:/texlive/2020/texmf-dist/fonts/type1/public/amsfonts/cm/cmmi8.pfb><c:/texlive/2020/texmf-dist/fonts/type1/public/amsfonts/cm/cmr5.pfb><c:/texlive/2020/texmf-dist/fonts/type1/public/amsfonts/cm/cmr6.pfb><c:/texlive/2020/texmf-dist/fonts/type1/public/amsfonts/cm/cmr7.pfb><c:/texlive/2020/texmf-dist/fonts/type1/public/amsfonts/cm/cmr8.pfb><c:/texlive/2020/texmf-dist/fonts/type1/public/amsfonts/cm/cmsy5.pfb><c:/texlive/2020/texmf-dist/fonts/type1/public/amsfonts/cm/cmsy6.pfb><c:/texlive/2020/texmf-dist/fonts/type1/public/amsfonts/cm/cmsy7.pfb><c:/texlive/2020/texmf-dist/fonts/type1/public/amsfonts/cm/cmsy8.pfb><c:/texlive/2020/texmf-dist/fonts/type1/public/amsfonts/cm/cmti8.pfb><c:/texlive/2020/texmf-dist/fonts/type1/public/amsfonts/symbols/msam10.pfb><c:/texlive/2020/texmf-dist/fonts/type1/public/amsfonts/symbols/msbm10.pfb><c:/texlive/2020/texmf-dist/fonts/type1/urw/helvetic/uhvb8a.pfb><c:/texlive/2020/texmf-dist/fonts/type1/urw/helvetic/uhvr8a.pfb><c:/texlive/2020/texmf-dist/fonts/type1/urw/helvetic/uhvr8ac.pfb><c:/texlive/2020/texmf-dist/fonts/type1/urw/helvetic/uhvro8a.pfb><c:/texlive/2020/texmf-dist/fonts/type1/urw/helvetic/uhvro8ac.pfb><c:/texlive/2020/texmf-dist/fonts/type1/urw/times/utmb8a.pfb><c:/texlive/2020/texmf-dist/fonts/type1/urw/times/utmr8a.pfb><c:/texlive/2020/texmf-dist/fonts/type1/urw/times/utmri8a.pfb>
Output written on c:/Users/50683/Desktop/AttCRISPR/Paper/main.pdf (9 pages, 765743 bytes).
PDF statistics:
 333 PDF objects out of 1000 (max. 8388607)
 135 compressed objects within 2 object streams
 0 named destinations out of 1000 (max. 500000)
 46 words of extra memory for PDF output out of 10000 (max. 10000000)

